2024-02-02 16:42:16,683 INFO o.h.v.i.u.Version [background-preinit] HV000001: Hibernate Validator 8.0.1.Final
2024-02-02 16:42:16,730 INFO o.s.b.StartupInfoLogger [main] Starting LeagueApiApplication using Java 17.0.4.1 with PID 15372 (C:\Users\acris\Dropbox\IdeaProjects\LeagueAPI\target\classes started by acris in C:\Users\acris\Dropbox\IdeaProjects\LeagueAPI)
2024-02-02 16:42:16,732 INFO o.s.b.SpringApplication [main] No active profile set, falling back to 1 default profile: "default"
2024-02-02 16:42:17,289 INFO o.s.d.r.c.RepositoryConfigurationDelegate [main] Bootstrapping Spring Data JPA repositories in DEFAULT mode.
2024-02-02 16:42:17,331 INFO o.s.d.r.c.RepositoryConfigurationDelegate [main] Finished Spring Data repository scanning in 36 ms. Found 2 JPA repository interfaces.
2024-02-02 16:42:17,786 INFO o.s.b.w.e.t.TomcatWebServer [main] Tomcat initialized with port 8080 (http)
2024-02-02 16:42:17,797 INFO o.a.j.l.DirectJDKLog [main] Initializing ProtocolHandler ["http-nio-8080"]
2024-02-02 16:42:17,800 INFO o.a.j.l.DirectJDKLog [main] Starting service [Tomcat]
2024-02-02 16:42:17,801 INFO o.a.j.l.DirectJDKLog [main] Starting Servlet engine: [Apache Tomcat/10.1.18]
2024-02-02 16:42:17,886 INFO o.a.j.l.DirectJDKLog [main] Initializing Spring embedded WebApplicationContext
2024-02-02 16:42:17,888 INFO o.s.b.w.s.c.ServletWebServerApplicationContext [main] Root WebApplicationContext: initialization completed in 1117 ms
2024-02-02 16:42:17,919 INFO c.z.h.HikariDataSource [main] HikariPool-1 - Starting...
2024-02-02 16:42:18,221 INFO c.z.h.p.HikariPool [main] HikariPool-1 - Added connection conn0: url=jdbc:h2:file:./data/ComicBookStoresAPI.db user=SA
2024-02-02 16:42:18,223 INFO c.z.h.HikariDataSource [main] HikariPool-1 - Start completed.
2024-02-02 16:42:18,236 INFO o.s.b.a.h.H2ConsoleAutoConfiguration [main] H2 console available at '/h2-console'. Database available at 'jdbc:h2:file:./data/ComicBookStoresAPI.db'
2024-02-02 16:42:18,348 INFO o.h.j.i.u.LogHelper [main] HHH000204: Processing PersistenceUnitInfo [name: default]
2024-02-02 16:42:18,449 INFO o.h.Version [main] HHH000412: Hibernate ORM core version 6.4.1.Final
2024-02-02 16:42:18,496 INFO o.h.c.i.RegionFactoryInitiator [main] HHH000026: Second-level cache disabled
2024-02-02 16:42:18,677 INFO o.s.o.j.p.SpringPersistenceUnitInfo [main] No LoadTimeWeaver setup: ignoring JPA class transformer
2024-02-02 16:42:18,938 ERROR o.s.o.j.AbstractEntityManagerFactoryBean [main] Failed to initialize JPA EntityManagerFactory: Association 'com.svalero.LeagueAPI.domain.Stadium.teams' targets an unknown entity named 'java.util.List'
2024-02-02 16:42:18,938 WARN o.s.c.s.AbstractApplicationContext [main] Exception encountered during context initialization - cancelling refresh attempt: org.springframework.beans.factory.BeanCreationException: Error creating bean with name 'entityManagerFactory' defined in class path resource [org/springframework/boot/autoconfigure/orm/jpa/HibernateJpaConfiguration.class]: Association 'com.svalero.LeagueAPI.domain.Stadium.teams' targets an unknown entity named 'java.util.List'
2024-02-02 16:42:18,939 INFO c.z.h.HikariDataSource [main] HikariPool-1 - Shutdown initiated...
2024-02-02 16:42:18,947 INFO c.z.h.HikariDataSource [main] HikariPool-1 - Shutdown completed.
2024-02-02 16:42:18,950 INFO o.a.j.l.DirectJDKLog [main] Stopping service [Tomcat]
2024-02-02 16:42:18,962 INFO o.s.b.a.l.ConditionEvaluationReportLogger [main] 

Error starting ApplicationContext. To display the condition evaluation report re-run your application with 'debug' enabled.
2024-02-02 16:42:18,976 ERROR o.s.b.SpringApplication [main] Application run failed
org.springframework.beans.factory.BeanCreationException: Error creating bean with name 'entityManagerFactory' defined in class path resource [org/springframework/boot/autoconfigure/orm/jpa/HibernateJpaConfiguration.class]: Association 'com.svalero.LeagueAPI.domain.Stadium.teams' targets an unknown entity named 'java.util.List'
	at org.springframework.beans.factory.support.AbstractAutowireCapableBeanFactory.initializeBean(AbstractAutowireCapableBeanFactory.java:1773)
	at org.springframework.beans.factory.support.AbstractAutowireCapableBeanFactory.doCreateBean(AbstractAutowireCapableBeanFactory.java:599)
	at org.springframework.beans.factory.support.AbstractAutowireCapableBeanFactory.createBean(AbstractAutowireCapableBeanFactory.java:521)
	at org.springframework.beans.factory.support.AbstractBeanFactory.lambda$doGetBean$0(AbstractBeanFactory.java:325)
	at org.springframework.beans.factory.support.DefaultSingletonBeanRegistry.getSingleton(DefaultSingletonBeanRegistry.java:234)
	at org.springframework.beans.factory.support.AbstractBeanFactory.doGetBean(AbstractBeanFactory.java:323)
	at org.springframework.beans.factory.support.AbstractBeanFactory.getBean(AbstractBeanFactory.java:199)
	at org.springframework.context.support.AbstractApplicationContext.getBean(AbstractApplicationContext.java:1231)
	at org.springframework.context.support.AbstractApplicationContext.finishBeanFactoryInitialization(AbstractApplicationContext.java:949)
	at org.springframework.context.support.AbstractApplicationContext.refresh(AbstractApplicationContext.java:624)
	at org.springframework.boot.web.servlet.context.ServletWebServerApplicationContext.refresh(ServletWebServerApplicationContext.java:146)
	at org.springframework.boot.SpringApplication.refresh(SpringApplication.java:754)
	at org.springframework.boot.SpringApplication.refreshContext(SpringApplication.java:456)
	at org.springframework.boot.SpringApplication.run(SpringApplication.java:334)
	at org.springframework.boot.SpringApplication.run(SpringApplication.java:1354)
	at org.springframework.boot.SpringApplication.run(SpringApplication.java:1343)
	at com.svalero.LeagueAPI.LeagueApiApplication.main(LeagueApiApplication.java:10)
Caused by: org.hibernate.AnnotationException: Association 'com.svalero.LeagueAPI.domain.Stadium.teams' targets an unknown entity named 'java.util.List'
	at org.hibernate.boot.model.internal.ToOneFkSecondPass.doSecondPass(ToOneFkSecondPass.java:104)
	at org.hibernate.boot.internal.InFlightMetadataCollectorImpl.processEndOfQueue(InFlightMetadataCollectorImpl.java:1910)
	at org.hibernate.boot.internal.InFlightMetadataCollectorImpl.processFkSecondPassesInOrder(InFlightMetadataCollectorImpl.java:1859)
	at org.hibernate.boot.internal.InFlightMetadataCollectorImpl.processSecondPasses(InFlightMetadataCollectorImpl.java:1768)
	at org.hibernate.boot.model.process.spi.MetadataBuildingProcess.complete(MetadataBuildingProcess.java:332)
	at org.hibernate.jpa.boot.internal.EntityManagerFactoryBuilderImpl.metadata(EntityManagerFactoryBuilderImpl.java:1432)
	at org.hibernate.jpa.boot.internal.EntityManagerFactoryBuilderImpl.build(EntityManagerFactoryBuilderImpl.java:1503)
	at org.springframework.orm.jpa.vendor.SpringHibernateJpaPersistenceProvider.createContainerEntityManagerFactory(SpringHibernateJpaPersistenceProvider.java:75)
	at org.springframework.orm.jpa.LocalContainerEntityManagerFactoryBean.createNativeEntityManagerFactory(LocalContainerEntityManagerFactoryBean.java:376)
	at org.springframework.orm.jpa.AbstractEntityManagerFactoryBean.buildNativeEntityManagerFactory(AbstractEntityManagerFactoryBean.java:409)
	at org.springframework.orm.jpa.AbstractEntityManagerFactoryBean.afterPropertiesSet(AbstractEntityManagerFactoryBean.java:396)
	at org.springframework.orm.jpa.LocalContainerEntityManagerFactoryBean.afterPropertiesSet(LocalContainerEntityManagerFactoryBean.java:352)
	at org.springframework.beans.factory.support.AbstractAutowireCapableBeanFactory.invokeInitMethods(AbstractAutowireCapableBeanFactory.java:1820)
	at org.springframework.beans.factory.support.AbstractAutowireCapableBeanFactory.initializeBean(AbstractAutowireCapableBeanFactory.java:1769)
	... 16 common frames omitted
2024-02-02 16:53:38,262 INFO o.h.v.i.u.Version [background-preinit] HV000001: Hibernate Validator 8.0.1.Final
2024-02-02 16:53:38,312 INFO o.s.b.StartupInfoLogger [main] Starting LeagueApiApplication using Java 17.0.4.1 with PID 15680 (C:\Users\acris\Dropbox\IdeaProjects\LeagueAPI\target\classes started by acris in C:\Users\acris\Dropbox\IdeaProjects\LeagueAPI)
2024-02-02 16:53:38,313 INFO o.s.b.SpringApplication [main] No active profile set, falling back to 1 default profile: "default"
2024-02-02 16:53:38,795 INFO o.s.d.r.c.RepositoryConfigurationDelegate [main] Bootstrapping Spring Data JPA repositories in DEFAULT mode.
2024-02-02 16:53:38,851 INFO o.s.d.r.c.RepositoryConfigurationDelegate [main] Finished Spring Data repository scanning in 50 ms. Found 2 JPA repository interfaces.
2024-02-02 16:53:39,216 INFO o.s.b.w.e.t.TomcatWebServer [main] Tomcat initialized with port 8080 (http)
2024-02-02 16:53:39,224 INFO o.a.j.l.DirectJDKLog [main] Initializing ProtocolHandler ["http-nio-8080"]
2024-02-02 16:53:39,226 INFO o.a.j.l.DirectJDKLog [main] Starting service [Tomcat]
2024-02-02 16:53:39,227 INFO o.a.j.l.DirectJDKLog [main] Starting Servlet engine: [Apache Tomcat/10.1.18]
2024-02-02 16:53:39,274 INFO o.a.j.l.DirectJDKLog [main] Initializing Spring embedded WebApplicationContext
2024-02-02 16:53:39,275 INFO o.s.b.w.s.c.ServletWebServerApplicationContext [main] Root WebApplicationContext: initialization completed in 924 ms
2024-02-02 16:53:39,298 INFO c.z.h.HikariDataSource [main] HikariPool-1 - Starting...
2024-02-02 16:53:39,430 INFO c.z.h.p.HikariPool [main] HikariPool-1 - Added connection conn0: url=jdbc:h2:file:./data/ComicBookStoresAPI.db user=SA
2024-02-02 16:53:39,432 INFO c.z.h.HikariDataSource [main] HikariPool-1 - Start completed.
2024-02-02 16:53:39,440 INFO o.s.b.a.h.H2ConsoleAutoConfiguration [main] H2 console available at '/h2-console'. Database available at 'jdbc:h2:file:./data/ComicBookStoresAPI.db'
2024-02-02 16:53:39,513 INFO o.h.j.i.u.LogHelper [main] HHH000204: Processing PersistenceUnitInfo [name: default]
2024-02-02 16:53:39,578 INFO o.h.Version [main] HHH000412: Hibernate ORM core version 6.4.1.Final
2024-02-02 16:53:39,601 INFO o.h.c.i.RegionFactoryInitiator [main] HHH000026: Second-level cache disabled
2024-02-02 16:53:39,738 INFO o.s.o.j.p.SpringPersistenceUnitInfo [main] No LoadTimeWeaver setup: ignoring JPA class transformer
2024-02-02 16:53:39,894 ERROR o.s.o.j.AbstractEntityManagerFactoryBean [main] Failed to initialize JPA EntityManagerFactory: Collection 'com.svalero.LeagueAPI.domain.Team.stadiums' is 'mappedBy' a property named 'teams' which does not exist in the target entity 'com.svalero.LeagueAPI.domain.Stadium'
2024-02-02 16:53:39,895 WARN o.s.c.s.AbstractApplicationContext [main] Exception encountered during context initialization - cancelling refresh attempt: org.springframework.beans.factory.BeanCreationException: Error creating bean with name 'entityManagerFactory' defined in class path resource [org/springframework/boot/autoconfigure/orm/jpa/HibernateJpaConfiguration.class]: Collection 'com.svalero.LeagueAPI.domain.Team.stadiums' is 'mappedBy' a property named 'teams' which does not exist in the target entity 'com.svalero.LeagueAPI.domain.Stadium'
2024-02-02 16:53:39,896 INFO c.z.h.HikariDataSource [main] HikariPool-1 - Shutdown initiated...
2024-02-02 16:53:39,935 INFO c.z.h.HikariDataSource [main] HikariPool-1 - Shutdown completed.
2024-02-02 16:53:39,938 INFO o.a.j.l.DirectJDKLog [main] Stopping service [Tomcat]
2024-02-02 16:53:39,950 INFO o.s.b.a.l.ConditionEvaluationReportLogger [main] 

Error starting ApplicationContext. To display the condition evaluation report re-run your application with 'debug' enabled.
2024-02-02 16:53:39,963 ERROR o.s.b.SpringApplication [main] Application run failed
org.springframework.beans.factory.BeanCreationException: Error creating bean with name 'entityManagerFactory' defined in class path resource [org/springframework/boot/autoconfigure/orm/jpa/HibernateJpaConfiguration.class]: Collection 'com.svalero.LeagueAPI.domain.Team.stadiums' is 'mappedBy' a property named 'teams' which does not exist in the target entity 'com.svalero.LeagueAPI.domain.Stadium'
	at org.springframework.beans.factory.support.AbstractAutowireCapableBeanFactory.initializeBean(AbstractAutowireCapableBeanFactory.java:1773)
	at org.springframework.beans.factory.support.AbstractAutowireCapableBeanFactory.doCreateBean(AbstractAutowireCapableBeanFactory.java:599)
	at org.springframework.beans.factory.support.AbstractAutowireCapableBeanFactory.createBean(AbstractAutowireCapableBeanFactory.java:521)
	at org.springframework.beans.factory.support.AbstractBeanFactory.lambda$doGetBean$0(AbstractBeanFactory.java:325)
	at org.springframework.beans.factory.support.DefaultSingletonBeanRegistry.getSingleton(DefaultSingletonBeanRegistry.java:234)
	at org.springframework.beans.factory.support.AbstractBeanFactory.doGetBean(AbstractBeanFactory.java:323)
	at org.springframework.beans.factory.support.AbstractBeanFactory.getBean(AbstractBeanFactory.java:199)
	at org.springframework.context.support.AbstractApplicationContext.getBean(AbstractApplicationContext.java:1231)
	at org.springframework.context.support.AbstractApplicationContext.finishBeanFactoryInitialization(AbstractApplicationContext.java:949)
	at org.springframework.context.support.AbstractApplicationContext.refresh(AbstractApplicationContext.java:624)
	at org.springframework.boot.web.servlet.context.ServletWebServerApplicationContext.refresh(ServletWebServerApplicationContext.java:146)
	at org.springframework.boot.SpringApplication.refresh(SpringApplication.java:754)
	at org.springframework.boot.SpringApplication.refreshContext(SpringApplication.java:456)
	at org.springframework.boot.SpringApplication.run(SpringApplication.java:334)
	at org.springframework.boot.SpringApplication.run(SpringApplication.java:1354)
	at org.springframework.boot.SpringApplication.run(SpringApplication.java:1343)
	at com.svalero.LeagueAPI.LeagueApiApplication.main(LeagueApiApplication.java:10)
Caused by: org.hibernate.AnnotationException: Collection 'com.svalero.LeagueAPI.domain.Team.stadiums' is 'mappedBy' a property named 'teams' which does not exist in the target entity 'com.svalero.LeagueAPI.domain.Stadium'
	at org.hibernate.boot.model.internal.CollectionBinder.isReversePropertyInJoin(CollectionBinder.java:1622)
	at org.hibernate.boot.model.internal.CollectionBinder.noAssociationTable(CollectionBinder.java:1636)
	at org.hibernate.boot.model.internal.CollectionBinder.bindStarToManySecondPass(CollectionBinder.java:1597)
	at org.hibernate.boot.model.internal.CollectionBinder$1.secondPass(CollectionBinder.java:1588)
	at org.hibernate.boot.model.internal.CollectionSecondPass.doSecondPass(CollectionSecondPass.java:45)
	at org.hibernate.boot.internal.InFlightMetadataCollectorImpl.processSecondPasses(InFlightMetadataCollectorImpl.java:1815)
	at org.hibernate.boot.internal.InFlightMetadataCollectorImpl.processSecondPasses(InFlightMetadataCollectorImpl.java:1774)
	at org.hibernate.boot.model.process.spi.MetadataBuildingProcess.complete(MetadataBuildingProcess.java:332)
	at org.hibernate.jpa.boot.internal.EntityManagerFactoryBuilderImpl.metadata(EntityManagerFactoryBuilderImpl.java:1432)
	at org.hibernate.jpa.boot.internal.EntityManagerFactoryBuilderImpl.build(EntityManagerFactoryBuilderImpl.java:1503)
	at org.springframework.orm.jpa.vendor.SpringHibernateJpaPersistenceProvider.createContainerEntityManagerFactory(SpringHibernateJpaPersistenceProvider.java:75)
	at org.springframework.orm.jpa.LocalContainerEntityManagerFactoryBean.createNativeEntityManagerFactory(LocalContainerEntityManagerFactoryBean.java:376)
	at org.springframework.orm.jpa.AbstractEntityManagerFactoryBean.buildNativeEntityManagerFactory(AbstractEntityManagerFactoryBean.java:409)
	at org.springframework.orm.jpa.AbstractEntityManagerFactoryBean.afterPropertiesSet(AbstractEntityManagerFactoryBean.java:396)
	at org.springframework.orm.jpa.LocalContainerEntityManagerFactoryBean.afterPropertiesSet(LocalContainerEntityManagerFactoryBean.java:352)
	at org.springframework.beans.factory.support.AbstractAutowireCapableBeanFactory.invokeInitMethods(AbstractAutowireCapableBeanFactory.java:1820)
	at org.springframework.beans.factory.support.AbstractAutowireCapableBeanFactory.initializeBean(AbstractAutowireCapableBeanFactory.java:1769)
	... 16 common frames omitted
2024-02-02 16:54:17,812 INFO o.h.v.i.u.Version [background-preinit] HV000001: Hibernate Validator 8.0.1.Final
2024-02-02 16:54:17,858 INFO o.s.b.StartupInfoLogger [main] Starting LeagueApiApplication using Java 17.0.4.1 with PID 3464 (C:\Users\acris\Dropbox\IdeaProjects\LeagueAPI\target\classes started by acris in C:\Users\acris\Dropbox\IdeaProjects\LeagueAPI)
2024-02-02 16:54:17,860 INFO o.s.b.SpringApplication [main] No active profile set, falling back to 1 default profile: "default"
2024-02-02 16:54:18,332 INFO o.s.d.r.c.RepositoryConfigurationDelegate [main] Bootstrapping Spring Data JPA repositories in DEFAULT mode.
2024-02-02 16:54:18,369 INFO o.s.d.r.c.RepositoryConfigurationDelegate [main] Finished Spring Data repository scanning in 32 ms. Found 2 JPA repository interfaces.
2024-02-02 16:54:18,736 INFO o.s.b.w.e.t.TomcatWebServer [main] Tomcat initialized with port 8080 (http)
2024-02-02 16:54:18,743 INFO o.a.j.l.DirectJDKLog [main] Initializing ProtocolHandler ["http-nio-8080"]
2024-02-02 16:54:18,745 INFO o.a.j.l.DirectJDKLog [main] Starting service [Tomcat]
2024-02-02 16:54:18,746 INFO o.a.j.l.DirectJDKLog [main] Starting Servlet engine: [Apache Tomcat/10.1.18]
2024-02-02 16:54:18,796 INFO o.a.j.l.DirectJDKLog [main] Initializing Spring embedded WebApplicationContext
2024-02-02 16:54:18,797 INFO o.s.b.w.s.c.ServletWebServerApplicationContext [main] Root WebApplicationContext: initialization completed in 901 ms
2024-02-02 16:54:18,818 INFO c.z.h.HikariDataSource [main] HikariPool-1 - Starting...
2024-02-02 16:54:18,957 INFO c.z.h.p.HikariPool [main] HikariPool-1 - Added connection conn0: url=jdbc:h2:file:./data/ComicBookStoresAPI.db user=SA
2024-02-02 16:54:18,958 INFO c.z.h.HikariDataSource [main] HikariPool-1 - Start completed.
2024-02-02 16:54:18,968 INFO o.s.b.a.h.H2ConsoleAutoConfiguration [main] H2 console available at '/h2-console'. Database available at 'jdbc:h2:file:./data/ComicBookStoresAPI.db'
2024-02-02 16:54:19,042 INFO o.h.j.i.u.LogHelper [main] HHH000204: Processing PersistenceUnitInfo [name: default]
2024-02-02 16:54:19,089 INFO o.h.Version [main] HHH000412: Hibernate ORM core version 6.4.1.Final
2024-02-02 16:54:19,111 INFO o.h.c.i.RegionFactoryInitiator [main] HHH000026: Second-level cache disabled
2024-02-02 16:54:19,250 INFO o.s.o.j.p.SpringPersistenceUnitInfo [main] No LoadTimeWeaver setup: ignoring JPA class transformer
2024-02-02 16:54:20,055 INFO o.h.e.t.j.p.i.JtaPlatformInitiator [main] HHH000489: No JTA platform available (set 'hibernate.transaction.jta.platform' to enable JTA platform integration)
2024-02-02 16:54:20,108 INFO o.s.o.j.AbstractEntityManagerFactoryBean [main] Initialized JPA EntityManagerFactory for persistence unit 'default'
2024-02-02 16:54:20,357 WARN o.s.b.a.o.j.JpaBaseConfiguration$JpaWebConfiguration [main] spring.jpa.open-in-view is enabled by default. Therefore, database queries may be performed during view rendering. Explicitly configure spring.jpa.open-in-view to disable this warning
2024-02-02 16:54:20,555 INFO o.a.j.l.DirectJDKLog [main] Starting ProtocolHandler ["http-nio-8080"]
2024-02-02 16:54:20,566 WARN o.s.c.s.AbstractApplicationContext [main] Exception encountered during context initialization - cancelling refresh attempt: org.springframework.context.ApplicationContextException: Failed to start bean 'webServerStartStop'
2024-02-02 16:54:20,568 INFO o.s.o.j.AbstractEntityManagerFactoryBean [main] Closing JPA EntityManagerFactory for persistence unit 'default'
2024-02-02 16:54:20,570 INFO c.z.h.HikariDataSource [main] HikariPool-1 - Shutdown initiated...
2024-02-02 16:54:20,575 INFO c.z.h.HikariDataSource [main] HikariPool-1 - Shutdown completed.
2024-02-02 16:54:20,585 INFO o.s.b.a.l.ConditionEvaluationReportLogger [main] 

Error starting ApplicationContext. To display the condition evaluation report re-run your application with 'debug' enabled.
2024-02-02 16:54:20,596 ERROR o.s.b.d.LoggingFailureAnalysisReporter [main] 

***************************
APPLICATION FAILED TO START
***************************

Description:

Web server failed to start. Port 8080 was already in use.

Action:

Identify and stop the process that's listening on port 8080 or configure this application to listen on another port.

2024-02-02 16:54:53,849 INFO o.h.v.i.u.Version [background-preinit] HV000001: Hibernate Validator 8.0.1.Final
2024-02-02 16:54:53,899 INFO o.s.b.StartupInfoLogger [main] Starting LeagueApiApplication using Java 17.0.4.1 with PID 19404 (C:\Users\acris\Dropbox\IdeaProjects\LeagueAPI\target\classes started by acris in C:\Users\acris\Dropbox\IdeaProjects\LeagueAPI)
2024-02-02 16:54:53,900 INFO o.s.b.SpringApplication [main] No active profile set, falling back to 1 default profile: "default"
2024-02-02 16:54:54,392 INFO o.s.d.r.c.RepositoryConfigurationDelegate [main] Bootstrapping Spring Data JPA repositories in DEFAULT mode.
2024-02-02 16:54:54,430 INFO o.s.d.r.c.RepositoryConfigurationDelegate [main] Finished Spring Data repository scanning in 32 ms. Found 2 JPA repository interfaces.
2024-02-02 16:54:54,795 INFO o.s.b.w.e.t.TomcatWebServer [main] Tomcat initialized with port 8080 (http)
2024-02-02 16:54:54,802 INFO o.a.j.l.DirectJDKLog [main] Initializing ProtocolHandler ["http-nio-8080"]
2024-02-02 16:54:54,804 INFO o.a.j.l.DirectJDKLog [main] Starting service [Tomcat]
2024-02-02 16:54:54,805 INFO o.a.j.l.DirectJDKLog [main] Starting Servlet engine: [Apache Tomcat/10.1.18]
2024-02-02 16:54:54,855 INFO o.a.j.l.DirectJDKLog [main] Initializing Spring embedded WebApplicationContext
2024-02-02 16:54:54,857 INFO o.s.b.w.s.c.ServletWebServerApplicationContext [main] Root WebApplicationContext: initialization completed in 920 ms
2024-02-02 16:54:54,879 INFO c.z.h.HikariDataSource [main] HikariPool-1 - Starting...
2024-02-02 16:54:55,020 INFO c.z.h.p.HikariPool [main] HikariPool-1 - Added connection conn0: url=jdbc:h2:file:./data/ComicBookStoresAPI.db user=SA
2024-02-02 16:54:55,021 INFO c.z.h.HikariDataSource [main] HikariPool-1 - Start completed.
2024-02-02 16:54:55,031 INFO o.s.b.a.h.H2ConsoleAutoConfiguration [main] H2 console available at '/h2-console'. Database available at 'jdbc:h2:file:./data/ComicBookStoresAPI.db'
2024-02-02 16:54:55,120 INFO o.h.j.i.u.LogHelper [main] HHH000204: Processing PersistenceUnitInfo [name: default]
2024-02-02 16:54:55,177 INFO o.h.Version [main] HHH000412: Hibernate ORM core version 6.4.1.Final
2024-02-02 16:54:55,202 INFO o.h.c.i.RegionFactoryInitiator [main] HHH000026: Second-level cache disabled
2024-02-02 16:54:55,340 INFO o.s.o.j.p.SpringPersistenceUnitInfo [main] No LoadTimeWeaver setup: ignoring JPA class transformer
2024-02-02 16:54:55,934 INFO o.h.e.t.j.p.i.JtaPlatformInitiator [main] HHH000489: No JTA platform available (set 'hibernate.transaction.jta.platform' to enable JTA platform integration)
2024-02-02 16:54:55,975 INFO o.s.o.j.AbstractEntityManagerFactoryBean [main] Initialized JPA EntityManagerFactory for persistence unit 'default'
2024-02-02 16:54:56,220 WARN o.s.b.a.o.j.JpaBaseConfiguration$JpaWebConfiguration [main] spring.jpa.open-in-view is enabled by default. Therefore, database queries may be performed during view rendering. Explicitly configure spring.jpa.open-in-view to disable this warning
2024-02-02 16:54:56,413 INFO o.a.j.l.DirectJDKLog [main] Starting ProtocolHandler ["http-nio-8080"]
2024-02-02 16:54:56,440 INFO o.s.b.w.e.t.TomcatWebServer [main] Tomcat started on port 8080 (http) with context path ''
2024-02-02 16:54:56,447 INFO o.s.b.StartupInfoLogger [main] Started LeagueApiApplication in 2.92 seconds (process running for 3.177)
2024-02-02 16:55:44,051 INFO o.h.v.i.u.Version [background-preinit] HV000001: Hibernate Validator 8.0.1.Final
2024-02-02 16:55:44,098 INFO o.s.b.StartupInfoLogger [main] Starting LeagueApiApplication using Java 17.0.4.1 with PID 9512 (C:\Users\acris\Dropbox\IdeaProjects\LeagueAPI\target\classes started by acris in C:\Users\acris\Dropbox\IdeaProjects\LeagueAPI)
2024-02-02 16:55:44,099 INFO o.s.b.SpringApplication [main] No active profile set, falling back to 1 default profile: "default"
2024-02-02 16:55:44,562 INFO o.s.d.r.c.RepositoryConfigurationDelegate [main] Bootstrapping Spring Data JPA repositories in DEFAULT mode.
2024-02-02 16:55:44,603 INFO o.s.d.r.c.RepositoryConfigurationDelegate [main] Finished Spring Data repository scanning in 37 ms. Found 2 JPA repository interfaces.
2024-02-02 16:55:44,970 INFO o.s.b.w.e.t.TomcatWebServer [main] Tomcat initialized with port 8080 (http)
2024-02-02 16:55:44,978 INFO o.a.j.l.DirectJDKLog [main] Initializing ProtocolHandler ["http-nio-8080"]
2024-02-02 16:55:44,980 INFO o.a.j.l.DirectJDKLog [main] Starting service [Tomcat]
2024-02-02 16:55:44,981 INFO o.a.j.l.DirectJDKLog [main] Starting Servlet engine: [Apache Tomcat/10.1.18]
2024-02-02 16:55:45,032 INFO o.a.j.l.DirectJDKLog [main] Initializing Spring embedded WebApplicationContext
2024-02-02 16:55:45,033 INFO o.s.b.w.s.c.ServletWebServerApplicationContext [main] Root WebApplicationContext: initialization completed in 896 ms
2024-02-02 16:55:45,057 INFO c.z.h.HikariDataSource [main] HikariPool-1 - Starting...
2024-02-02 16:55:45,202 INFO c.z.h.p.HikariPool [main] HikariPool-1 - Added connection conn0: url=jdbc:h2:file:./data/ComicBookStoresAPI.db user=SA
2024-02-02 16:55:45,203 INFO c.z.h.HikariDataSource [main] HikariPool-1 - Start completed.
2024-02-02 16:55:45,211 INFO o.s.b.a.h.H2ConsoleAutoConfiguration [main] H2 console available at '/h2-console'. Database available at 'jdbc:h2:file:./data/ComicBookStoresAPI.db'
2024-02-02 16:55:45,286 INFO o.h.j.i.u.LogHelper [main] HHH000204: Processing PersistenceUnitInfo [name: default]
2024-02-02 16:55:45,337 INFO o.h.Version [main] HHH000412: Hibernate ORM core version 6.4.1.Final
2024-02-02 16:55:45,359 INFO o.h.c.i.RegionFactoryInitiator [main] HHH000026: Second-level cache disabled
2024-02-02 16:55:45,489 INFO o.s.o.j.p.SpringPersistenceUnitInfo [main] No LoadTimeWeaver setup: ignoring JPA class transformer
2024-02-02 16:55:46,092 INFO o.h.e.t.j.p.i.JtaPlatformInitiator [main] HHH000489: No JTA platform available (set 'hibernate.transaction.jta.platform' to enable JTA platform integration)
2024-02-02 16:55:46,130 INFO o.s.o.j.AbstractEntityManagerFactoryBean [main] Initialized JPA EntityManagerFactory for persistence unit 'default'
2024-02-02 16:55:46,370 WARN o.s.b.a.o.j.JpaBaseConfiguration$JpaWebConfiguration [main] spring.jpa.open-in-view is enabled by default. Therefore, database queries may be performed during view rendering. Explicitly configure spring.jpa.open-in-view to disable this warning
2024-02-02 16:55:46,565 INFO o.a.j.l.DirectJDKLog [main] Starting ProtocolHandler ["http-nio-8080"]
2024-02-02 16:55:46,581 INFO o.s.b.w.e.t.TomcatWebServer [main] Tomcat started on port 8080 (http) with context path ''
2024-02-02 16:55:46,589 INFO o.s.b.StartupInfoLogger [main] Started LeagueApiApplication in 2.86 seconds (process running for 3.094)
